\BOOKMARK [1][-]{section.1}{Funktionell beskrivning}{}% 1
\BOOKMARK [2][-]{subsection.1.1}{Krav p\345 design}{section.1}% 2
\BOOKMARK [2][-]{subsection.1.2}{Funktionssammanfattning}{section.1}% 3
\BOOKMARK [2][-]{subsection.1.3}{Namnkonventioner}{section.1}% 4
\BOOKMARK [2][-]{subsection.1.4}{Kort lista \366ver anv\344nda begrepp}{section.1}% 5
\BOOKMARK [1][-]{section.2}{Timeline - \304ven k\344nd som ''Fina listan'' :\)}{}% 6
\BOOKMARK [1][-]{section.3}{Implementationsbeskrivning}{}% 7
\BOOKMARK [2][-]{subsection.3.1}{Dubbell\344nkad lista av rader}{section.3}% 8
\BOOKMARK [2][-]{subsection.3.2}{Buffer-Gap}{section.3}% 9
\BOOKMARK [2][-]{subsection.3.3}{Inladdningen av filen}{section.3}% 10
\BOOKMARK [3][-]{subsubsection.3.3.1}{DLL \205 Konvertering till l\344nkade rader}{subsection.3.3}% 11
\BOOKMARK [3][-]{subsubsection.3.3.2}{Buffer-Gap \205 Ladda fil till Buffer}{subsection.3.3}% 12
\BOOKMARK [2][-]{subsection.3.4}{F\366rflyttning}{section.3}% 13
\BOOKMARK [2][-]{subsection.3.5}{Editering \(Notera att det inte \344r ''Buffer-Gap''\)}{section.3}% 14
\BOOKMARK [3][-]{subsubsection.3.5.1}{Grundl\344ggande editering}{subsection.3.5}% 15
\BOOKMARK [3][-]{subsubsection.3.5.2}{Undo/Redo \(B\366r vara konfigureringsbart f\366r anv\344ndaren\)}{subsection.3.5}% 16
\BOOKMARK [3][-]{subsubsection.3.5.3}{Kompaktering}{subsection.3.5}% 17
\BOOKMARK [2][-]{subsection.3.6}{Avklarade funktioner}{section.3}% 18
\BOOKMARK [1][-]{section.4}{Delaktiga}{}% 19
\BOOKMARK [1][-]{section.5}{Kommentarer}{}% 20
\BOOKMARK [1][-]{appendix.A}{Editorkommandon}{}% 21
\BOOKMARK [2][-]{subsection.A.1}{Different styles for marking text}{appendix.A}% 22
\BOOKMARK [2][-]{subsection.A.2}{Comments regarding the ``styles''}{appendix.A}% 23
\BOOKMARK [2][-]{subsection.A.3}{Command definitions}{appendix.A}% 24
\BOOKMARK [3][-]{subsubsection.A.3.1}{Edit}{subsection.A.3}% 25
\BOOKMARK [3][-]{subsubsection.A.3.2}{Movement}{subsection.A.3}% 26
\BOOKMARK [3][-]{subsubsection.A.3.3}{Block\137marking\137movement}{subsection.A.3}% 27
\BOOKMARK [3][-]{subsubsection.A.3.4}{Notepad\137marking\137movement}{subsection.A.3}% 28
\BOOKMARK [1][-]{appendix.B}{hitSearch - Hur s\366kning efter text b\366r g\345 till}{}% 29
