This is TeX, Version 3.14159 (Web2C 7.4.5) (format=latex 2004.3.20)  30 MAR 2004 23:39
**spec
(./spec.tex
LaTeX2e <2001/06/01>
Babel <v3.7h> and hyphenation patterns for american, british, french, ngerman, 
finnish, nohyphenation, loaded.
(/usr/share/texmf/tex/latex/base/article.cls
Document Class: article 2001/04/21 v1.4e Standard LaTeX document class
(/usr/share/texmf/tex/latex/base/size10.clo
File: size10.clo 2001/04/21 v1.4e Standard LaTeX file (size option)
)
\c@part=\count79
\c@section=\count80
\c@subsection=\count81
\c@subsubsection=\count82
\c@paragraph=\count83
\c@subparagraph=\count84
\c@figure=\count85
\c@table=\count86
\abovecaptionskip=\skip41
\belowcaptionskip=\skip42
\bibindent=\dimen102
)
(/usr/share/texmf/tex/latex/misc/a4wide.sty
Package: a4wide 1994/08/30

(/usr/share/texmf/tex/latex/ntgclass/a4.sty
Package: a4 1999/03/03 v1.2f A4 based page layout
))
(/usr/share/texmf/tex/latex/base/fontenc.sty
Package: fontenc 2001/06/05 v1.94 Standard LaTeX package

(/usr/share/texmf/tex/latex/base/t1enc.def
File: t1enc.def 2001/06/05 v1.94 Standard LaTeX file
LaTeX Font Info:    Redeclaring font encoding T1 on input line 38.
))
(/usr/share/texmf/tex/generic/babel/babel.sty
Package: babel 2001/03/01 v3.7h The Babel package

(/usr/share/texmf/tex/generic/babel/swedish.ldf
Language: swedish 2001/03/12 v2.3c Swedish support from the babel system

(/usr/share/texmf/tex/generic/babel/babel.def
File: babel.def 2001/03/01 v3.7h Babel common definitions
\babel@savecnt=\count87
\U@D=\dimen103
)

Package babel Warning: No hyphenation patterns were loaded for
(babel)                the language `Swedish'
(babel)                I will use the patterns loaded for \language=0 instead.

\l@swedish = a dialect from \language0
Package babel Info: Making " an active character on input line 71.
)) (/usr/share/texmf/tex/latex/base/inputenc.sty
Package: inputenc 2001/07/10 v0.99a Input encoding file 

(/usr/share/texmf/tex/latex/base/latin1.def
File: latin1.def 2001/07/10 v0.99a Input encoding file 
))
(/usr/share/texmf/tex/latex/graphics/graphics.sty
Package: graphics 2001/07/07 v1.0n Standard LaTeX Graphics (DPC,SPQR)

(/usr/share/texmf/tex/latex/graphics/trig.sty
Package: trig 1999/03/16 v1.09 sin cos tan (DPC)
)
(/usr/share/texmf/tex/latex/config/graphics.cfg
File: graphics.cfg 2001/08/31 v1.1 graphics configuration of teTeX/TeXLive
)
Package graphics Info: Driver file: dvips.def on input line 80.

(/usr/share/texmf/tex/latex/graphics/dvips.def
File: dvips.def 1999/02/16 v3.0i Driver-dependant file (DPC,SPQR)
))
(/usr/share/texmf/tex/latex/graphics/graphicx.sty
Package: graphicx 1999/02/16 v1.0f Enhanced LaTeX Graphics (DPC,SPQR)

(/usr/share/texmf/tex/latex/graphics/keyval.sty
Package: keyval 1999/03/16 v1.13 key=value parser (DPC)
\KV@toks@=\toks14
)
\Gin@req@height=\dimen104
\Gin@req@width=\dimen105
)
(/usr/share/texmf/tex/latex/misc/url.sty
\Urlmuskip=\muskip10
Package: url 1999/03/28  ver 1.5x  Verb mode for urls, etc.
)
(/usr/share/texmf/tex/latex/fancyheadings/fancyheadings.sty
\headrulewidth=\dimen106
\footrulewidth=\dimen107
\plainheadrulewidth=\dimen108
\plainfootrulewidth=\dimen109
\headwidth=\dimen110
\footruleskip=\dimen111
)
(/usr/share/texmf/tex/latex/psnfss/times.sty
Package: times 2002/09/08 PSNFSS-v9.0a (SPQR) 
)
(/usr/share/texmf/tex/latex/base/latexsym.sty
Package: latexsym 1998/08/17 v2.2e Standard LaTeX package (lasy symbols)
\symlasy=\mathgroup4
LaTeX Font Info:    Overwriting symbol font `lasy' in version `bold'
(Font)                  U/lasy/m/n --> U/lasy/b/n on input line 42.
)
(/usr/share/texmf/tex/latex/tools/rawfonts.sty
Package: rawfonts 1994/05/08 Low-level LaTeX 2.09 font compatibility

(/usr/share/texmf/tex/latex/tools/somedefs.sty
Package: somedefs 1994/06/01 Toolkit for optional definitions
)
LaTeX Font Info:    Try loading font information for U+lasy on input line 44.

(/usr/share/texmf/tex/latex/base/ulasy.fd
File: ulasy.fd 1998/08/17 v2.2e LaTeX symbol font definitions
))
(/usr/share/texmf/tex/latex/graphics/color.sty
Package: color 1999/02/16 v1.0i Standard LaTeX Color (DPC)

(/usr/share/texmf/tex/latex/config/color.cfg
File: color.cfg 2001/08/31 v1.1 color configuration of teTeX/TeXLive
)
Package color Info: Driver file: dvips.def on input line 125.

(/usr/share/texmf/tex/latex/graphics/dvipsnam.def
File: dvipsnam.def 1999/02/16 v3.0i Driver-dependant file (DPC,SPQR)
))
(/usr/share/texmf/tex/latex/hyperref/hyperref.sty
Package: hyperref 2003/01/22 v6.73n Hypertext links for LaTeX
\@linkdim=\dimen112
\Hy@linkcounter=\count88
\Hy@pagecounter=\count89

(/usr/share/texmf/tex/latex/hyperref/pd1enc.def
File: pd1enc.def 2003/01/22 v6.73n Hyperref: PDFDocEncoding definition (HO)
)
(/usr/share/texmf/tex/latex/config/hyperref.cfg
File: hyperref.cfg 2002/06/06 v1.2 hyperref configuration of TeXLive and teTeX
)
Package hyperref Info: Hyper figures OFF on input line 1792.
Package hyperref Info: Link nesting OFF on input line 1797.
Package hyperref Info: Hyper index ON on input line 1800.
Package hyperref Info: Plain pages ON on input line 1805.
Package hyperref Info: Backreferencing OFF on input line 1812.

Implicit mode ON; LaTeX internals redefined
Package hyperref Info: Bookmarks ON on input line 1916.
LaTeX Info: Redefining \url on input line 2055.
\Fld@menulength=\count90
\Field@Width=\dimen113
\Fld@charsize=\dimen114
\Choice@toks=\toks15
\Field@toks=\toks16
Package hyperref Info: Hyper figures OFF on input line 2513.
Package hyperref Info: Link nesting OFF on input line 2518.
Package hyperref Info: Hyper index ON on input line 2521.
Package hyperref Info: backreferencing OFF on input line 2528.
Package hyperref Info: Link coloring OFF on input line 2533.
\c@Item=\count91
\c@Hfootnote=\count92
)
*hyperref using default driver hdvips*
(/usr/share/texmf/tex/latex/hyperref/hdvips.def
File: hdvips.def 2003/01/22 v6.73n Hyperref driver for dvips

(/usr/share/texmf/tex/latex/hyperref/pdfmark.def
File: pdfmark.def 2003/01/22 v6.73n Hyperref definitions for pdfmark specials
\pdf@docset=\toks17
\pdf@box=\box26
\pdf@toks=\toks18
\pdf@defaulttoks=\toks19
\Fld@listcount=\count93
\@outlinefile=\write3
)) (./spec.aux)
\openout1 = `spec.aux'.

LaTeX Font Info:    Checking defaults for OML/cmm/m/it on input line 77.
LaTeX Font Info:    ... okay on input line 77.
LaTeX Font Info:    Checking defaults for T1/cmr/m/n on input line 77.
LaTeX Font Info:    ... okay on input line 77.
LaTeX Font Info:    Checking defaults for OT1/cmr/m/n on input line 77.
LaTeX Font Info:    ... okay on input line 77.
LaTeX Font Info:    Checking defaults for OMS/cmsy/m/n on input line 77.
LaTeX Font Info:    ... okay on input line 77.
LaTeX Font Info:    Checking defaults for OMX/cmex/m/n on input line 77.
LaTeX Font Info:    ... okay on input line 77.
LaTeX Font Info:    Checking defaults for U/cmr/m/n on input line 77.
LaTeX Font Info:    ... okay on input line 77.
LaTeX Font Info:    Checking defaults for PD1/pdf/m/n on input line 77.
LaTeX Font Info:    ... okay on input line 77.
LaTeX Font Info:    Try loading font information for T1+ptm on input line 77.

(/usr/share/texmf/tex/latex/psnfss/t1ptm.fd
File: t1ptm.fd 2001/06/04 font definitions for T1/ptm.
)
Package hyperref Info: Link coloring OFF on input line 77.

(/usr/share/texmf/tex/latex/hyperref/nameref.sty
Package: nameref 2001/01/27 v2.19 Cross-referencing by name of section
\c@section@level=\count94
)
LaTeX Info: Redefining \ref on input line 77.
LaTeX Info: Redefining \pageref on input line 77.
 (./spec.out) (./spec.out)
\openout3 = `spec.out'.

LaTeX Font Info:    External font `cmex10' loaded for size
(Font)              <12> on input line 79.
LaTeX Font Info:    External font `cmex10' loaded for size
(Font)              <8> on input line 79.
LaTeX Font Info:    External font `cmex10' loaded for size
(Font)              <6> on input line 79.
LaTeX Font Info:    Font shape `T1/ptm/bx/n' in size <9> not available
(Font)              Font shape `T1/ptm/b/n' tried instead on input line 80.
LaTeX Font Info:    Font shape `T1/ptm/bx/n' in size <14.4> not available
(Font)              Font shape `T1/ptm/b/n' tried instead on input line 86.

(./spec.toc
LaTeX Font Info:    Font shape `T1/ptm/bx/n' in size <10> not available
(Font)              Font shape `T1/ptm/b/n' tried instead on input line 2.
LaTeX Font Info:    External font `cmex10' loaded for size
(Font)              <7> on input line 3.
LaTeX Font Info:    External font `cmex10' loaded for size
(Font)              <5> on input line 3.
 [1

])
\tf@toc=\write4
\openout4 = `spec.toc'.


Overfull \vbox (0.58502pt too high) has occurred while \output is active []


[2]
LaTeX Font Info:    Font shape `T1/ptm/bx/n' in size <12> not available
(Font)              Font shape `T1/ptm/b/n' tried instead on input line 102.
LaTeX Font Info:    Try loading font information for OMS+ptm on input line 108.

 (/usr/share/texmf/tex/latex/psnfss/omsptm.fd
File: omsptm.fd 
)
LaTeX Font Info:    Font shape `OMS/ptm/m/n' in size <10> not available
(Font)              Font shape `OMS/cmsy/m/n' tried instead on input line 108.

Overfull \hbox (29.36957pt too wide) in paragraph at lines 112--114
[]\T1/ptm/m/n/10 Mer lik typ Notepad ^^e4n VI (f^^f6r det finns redan s^^e5 m^^
e5n-ga vi- klon-er). Dvs in-ga sep-a-ra-ta kommando/editerings-
 []

LaTeX Font Info:    Try loading font information for T1+pcr on input line 143.
(/usr/share/texmf/tex/latex/psnfss/t1pcr.fd
File: t1pcr.fd 2001/06/04 font definitions for T1/pcr.
) [3] [4]
Underfull \hbox (badness 1337) in paragraph at lines 235--236
[]\T1/ptm/m/n/10 Se filen buffer-gap.txt i dis-tri-bu-tio-nen eller p^^e5 ed-i-
torns hem-si-da:
 []


Overfull \hbox (6.47244pt too wide) in paragraph at lines 235--236
[][][][]\T1/ptm/m/n/10 .| 
 []

[5] [6]
File: overview.eps Graphic file (type eps)
 <overview.eps> [7] [8] [9] [10] [11]
Overfull \hbox (184.20958pt too wide) in paragraph at lines 519--526
[][] 
 []

[12] [13]
Underfull \hbox (badness 10000) in paragraph at lines 573--580

 []


Underfull \hbox (badness 10000) in paragraph at lines 581--588

 []

[14] [15] [16] [17] (./spec.aux) ) 
Here is how much of TeX's memory you used:
 3274 strings out of 95835
 42588 string characters out of 1195743
 99941 words of memory out of 1000001
 6137 multiletter control sequences out of 10000+50000
 41720 words of font info for 87 fonts, out of 500000 for 1000
 22 hyphenation exceptions out of 1000
 25i,11n,36p,232b,478s stack positions out of 1500i,500n,5000p,200000b,5000s

Output written on spec.dvi (17 pages, 72116 bytes).
